<?xml version="1.0" encoding="UTF-8"?>
<testsuite name="MatrixMathematicsTest" tests="4" skipped="0" failures="0" errors="0" timestamp="2019-01-12T12:10:03" hostname="DESKTOP-GMJ8482" time="0.033">
  <properties/>
  <testcase name="cofactor" classname="MatrixMathematicsTest" time="0.013"/>
  <testcase name="determinant" classname="MatrixMathematicsTest" time="0.001"/>
  <testcase name="transpose" classname="MatrixMathematicsTest" time="0.001"/>
  <testcase name="inverse" classname="MatrixMathematicsTest" time="0.001"/>
  <system-out><![CDATA[]]></system-out>
  <system-err><![CDATA[]]></system-err>
</testsuite>
